<?xml version="1.0" encoding="utf-8" standalone="no"?>
<test-results xmlns:xsi="http://www.w3.org/2001/XMLSchema-instance" xsi:noNamespaceSchemaLocation="nunit_schema_2.5.xsd" name="Pester" total="6" errors="0" failures="3" not-run="0" inconclusive="0" ignored="0" skipped="0" invalid="0" date="2025-06-11" time="22:43:03">
  <environment nunit-version="2.5.8.0" clr-version="9.0.4" cwd="/workspaces/opentofu-lab-automation" os-version="6.8.0-1027-azure" platform="Linux" machine-name="codespaces-712f1a" user="codespace" user-domain="" />
  <culture-info current-culture="" current-uiculture="" />
  <test-suite type="TestFixture" name="Pester" executed="True" result="Failure" success="False" time="3.1816" asserts="0" description="Pester">
    <results>
      <test-suite type="TestFixture" name="/workspaces/opentofu-lab-automation/tests/NodeScripts.Tests.ps1" executed="True" result="Failure" success="False" time="3.1816" asserts="0" description="/workspaces/opentofu-lab-automation/tests/NodeScripts.Tests.ps1">
        <results>
          <test-suite type="TestFixture" name="Node installation scripts" executed="True" result="Failure" success="False" time="2.7631" asserts="0" description="Node installation scripts">
            <results>
              <test-case description="uses Node_Dependencies.Node.InstallerUrl when installing Node" name="Node installation scripts.uses Node_Dependencies.Node.InstallerUrl when installing Node" time="0.3733" asserts="0" success="False" result="Failure" executed="True">
                <failure>
                  <message>RuntimeException: Should -Invoke: Could not find Mock for command Invoke-LabWebRequest in module LabRunner. Was the mock defined? Did you use the same -ModuleName as on the Mock? When using InModuleScope are InModuleScope, Mock and Should -Invoke using the same -ModuleName?</message>
                  <stack-trace />
                </failure>
              </test-case>
              <test-case description="does nothing when InstallNode is $false" name="Node installation scripts.does nothing when InstallNode is $false" time="0.1179" asserts="0" success="False" result="Failure" executed="True">
                <failure>
                  <message>RuntimeException: Should -Invoke: Could not find Mock for command Invoke-LabWebRequest in module LabRunner. Was the mock defined? Did you use the same -ModuleName as on the Mock? When using InModuleScope are InModuleScope, Mock and Should -Invoke using the same -ModuleName?</message>
                  <stack-trace />
                </failure>
              </test-case>
              <test-case description="installs packages listed under GlobalPackages" name="Node installation scripts.installs packages listed under GlobalPackages" time="0.2128" asserts="0" success="True" result="Success" executed="True" />
              <test-case description="falls back to boolean flags when GlobalPackages is missing" name="Node installation scripts.falls back to boolean flags when GlobalPackages is missing" time="0.181" asserts="0" success="True" result="Success" executed="True" />
              <test-case description="honours -WhatIf for Install-GlobalPackage" name="Node installation scripts.honours -WhatIf for Install-GlobalPackage" time="0.1499" asserts="0" success="True" result="Success" executed="True" />
              <test-case description="uses NpmPath from Node_Dependencies when installing project deps" name="Node installation scripts.uses NpmPath from Node_Dependencies when installing project deps" time="0.6731" asserts="0" success="False" result="Failure" executed="True">
                <failure>
                  <message>Expected Invoke-LabNpm in module LabRunner to be called at least 1 times, but was called 0 times</message>
                  <stack-trace>at Should -Invoke -CommandName Invoke-LabNpm -Times 1 -ParameterFilter { $testArgs[0] -eq 'install' }, /workspaces/opentofu-lab-automation/tests/NodeScripts.Tests.ps1:153
at &lt;ScriptBlock&gt;, /workspaces/opentofu-lab-automation/tests/NodeScripts.Tests.ps1:153</stack-trace>
                </failure>
              </test-case>
            </results>
          </test-suite>
        </results>
      </test-suite>
    </results>
  </test-suite>
</test-results>