<?xml version="1.0" encoding="utf-8" standalone="no"?>
<test-results xmlns:xsi="http://www.w3.org/2001/XMLSchema-instance" xsi:noNamespaceSchemaLocation="nunit_schema_2.5.xsd" name="Pester" total="4" errors="0" failures="4" not-run="0" inconclusive="0" ignored="0" skipped="0" invalid="0" date="2025-06-14" time="09:26:25">
  <environment machine-name="WZNS" nunit-version="2.5.8.0" clr-version="9.0.4" os-version="10.0.26100" user="alexa" user-domain="WZNS" platform="Microsoft Windows 11 Pro|C:\WINDOWS|\Device\Harddisk1\Partition3" cwd="C:\Users\alexa\OneDrive\Documents\0. wizzense\opentofu-lab-automation" />
  <culture-info current-culture="en-US" current-uiculture="en-US" />
  <test-suite type="TestFixture" name="Pester" executed="True" result="Failure" success="False" time="0.4309" asserts="0" description="Pester">
    <results>
      <test-suite type="TestFixture" name="C:\Users\alexa\OneDrive\Documents\0. wizzense\opentofu-lab-automation\tests\0009_Initialize-OpenTofu.Tests.ps1" executed="True" result="Failure" success="False" time="0.4309" asserts="0" description="C:\Users\alexa\OneDrive\Documents\0. wizzense\opentofu-lab-automation\tests\0009_Initialize-OpenTofu.Tests.ps1">
        <results>
          <test-suite type="TestFixture" name="0009_Initialize-OpenTofu Tests" executed="True" result="Failure" success="False" time="0" asserts="0" description="0009_Initialize-OpenTofu Tests">
            <results>
              <test-suite type="TestFixture" name="0009_Initialize-OpenTofu Tests.Script Structure Validation" executed="True" result="Failure" success="False" time="0" asserts="0" description="0009_Initialize-OpenTofu Tests.Script Structure Validation">
                <results>
                  <test-case description="Should exist and be readable" name="0009_Initialize-OpenTofu Tests.Script Structure Validation.Should exist and be readable" time="0" asserts="0" success="False" result="Failure" executed="True">
                    <failure>
                      <message>This test should run but it did not. Most likely a setup in some parent block failed.</message>
                      <stack-trace />
                    </failure>
                  </test-case>
                  <test-case description="Should have valid PowerShell syntax" name="0009_Initialize-OpenTofu Tests.Script Structure Validation.Should have valid PowerShell syntax" time="0" asserts="0" success="False" result="Failure" executed="True">
                    <failure>
                      <message>This test should run but it did not. Most likely a setup in some parent block failed.</message>
                      <stack-trace />
                    </failure>
                  </test-case>
                  <test-case description="Should follow naming convention" name="0009_Initialize-OpenTofu Tests.Script Structure Validation.Should follow naming convention" time="0" asserts="0" success="False" result="Failure" executed="True">
                    <failure>
                      <message>This test should run but it did not. Most likely a setup in some parent block failed.</message>
                      <stack-trace />
                    </failure>
                  </test-case>
                </results>
              </test-suite>
              <test-suite type="TestFixture" name="0009_Initialize-OpenTofu Tests.Parameter Validation" executed="True" result="Failure" success="False" time="0" asserts="0" description="0009_Initialize-OpenTofu Tests.Parameter Validation">
                <results>
                  <test-case description="Should accept valid configuration" name="0009_Initialize-OpenTofu Tests.Parameter Validation.Should accept valid configuration" time="0" asserts="0" success="False" result="Failure" executed="True">
                    <failure>
                      <message>This test should run but it did not. Most likely a setup in some parent block failed.</message>
                      <stack-trace />
                    </failure>
                  </test-case>
                </results>
              </test-suite>
            </results>
          </test-suite>
        </results>
      </test-suite>
    </results>
  </test-suite>
</test-results>