<?xml version="1.0" encoding="utf-8" standalone="no"?>
<test-results xmlns:xsi="http://www.w3.org/2001/XMLSchema-instance" xsi:noNamespaceSchemaLocation="nunit_schema_2.5.xsd" name="Pester" total="18" errors="0" failures="18" not-run="0" inconclusive="0" ignored="0" skipped="0" invalid="0" date="2025-06-14" time="09:26:28">
  <environment machine-name="WZNS" nunit-version="2.5.8.0" clr-version="9.0.4" os-version="10.0.26100" user="alexa" user-domain="WZNS" platform="Microsoft Windows 11 Pro|C:\WINDOWS|\Device\Harddisk1\Partition3" cwd="C:\Users\alexa\OneDrive\Documents\0. wizzense\opentofu-lab-automation" />
  <culture-info current-culture="en-US" current-uiculture="en-US" />
  <test-suite type="TestFixture" name="Pester" executed="True" result="Failure" success="False" time="1.4939" asserts="0" description="Pester">
    <results>
      <test-suite type="TestFixture" name="C:\Users\alexa\OneDrive\Documents\0. wizzense\opentofu-lab-automation\tests\BadRunnerScripts.Tests.ps1" executed="True" result="Failure" success="False" time="1.4939" asserts="0" description="C:\Users\alexa\OneDrive\Documents\0. wizzense\opentofu-lab-automation\tests\BadRunnerScripts.Tests.ps1">
        <results>
          <test-suite type="TestFixture" name="Bad Runner Scripts Handling" executed="True" result="Failure" success="False" time="1.3628" asserts="0" description="Bad Runner Scripts Handling">
            <results>
              <test-suite type="TestFixture" name="Bad Runner Scripts Handling.Invalid Script Names" executed="True" result="Failure" success="False" time="0.2179" asserts="0" description="Bad Runner Scripts Handling.Invalid Script Names">
                <results>
                  <test-case description="should reject scripts with spaces in filename" name="Bad Runner Scripts Handling.Invalid Script Names.should reject scripts with spaces in filename" time="0.0757" asserts="0" success="False" result="Failure" executed="True">
                    <failure>
                      <message>Expected an exception with message like '*Invalid script name*' to be thrown, but the message was 'The term 'Test-RunnerScriptName' is not recognized as a name of a cmdlet, function, script file, or executable program.
Check the spelling of the name, or if a path was included, verify that the path is correct and try again.'. from C:\Users\alexa\OneDrive\Documents\0. wizzense\opentofu-lab-automation\tests\BadRunnerScripts.Tests.ps1:31 char:15
    +             { Test-RunnerScriptName $badScript } | Should -Throw "*In …
    +               ~~~~~~~~~~~~~~~~~~~~~</message>
                      <stack-trace>at { Test-RunnerScriptName $badScript } | Should -Throw "*Invalid script name*", C:\Users\alexa\OneDrive\Documents\0. wizzense\opentofu-lab-automation\tests\BadRunnerScripts.Tests.ps1:31
at &lt;ScriptBlock&gt;, C:\Users\alexa\OneDrive\Documents\0. wizzense\opentofu-lab-automation\tests\BadRunnerScripts.Tests.ps1:31</stack-trace>
                    </failure>
                  </test-case>
                  <test-case description="should reject scripts without .ps1 extension" name="Bad Runner Scripts Handling.Invalid Script Names.should reject scripts without .ps1 extension" time="0.0425" asserts="0" success="False" result="Failure" executed="True">
                    <failure>
                      <message>Expected an exception with message like '*Invalid file extension*' to be thrown, but the message was 'The term 'Test-RunnerScriptName' is not recognized as a name of a cmdlet, function, script file, or executable program.
Check the spelling of the name, or if a path was included, verify that the path is correct and try again.'. from C:\Users\alexa\OneDrive\Documents\0. wizzense\opentofu-lab-automation\tests\BadRunnerScripts.Tests.ps1:38 char:15
    +             { Test-RunnerScriptName $badScript } | Should -Throw "*In …
    +               ~~~~~~~~~~~~~~~~~~~~~</message>
                      <stack-trace>at { Test-RunnerScriptName $badScript } | Should -Throw "*Invalid file extension*", C:\Users\alexa\OneDrive\Documents\0. wizzense\opentofu-lab-automation\tests\BadRunnerScripts.Tests.ps1:38
at &lt;ScriptBlock&gt;, C:\Users\alexa\OneDrive\Documents\0. wizzense\opentofu-lab-automation\tests\BadRunnerScripts.Tests.ps1:38</stack-trace>
                    </failure>
                  </test-case>
                  <test-case description="should reject scripts with special characters" name="Bad Runner Scripts Handling.Invalid Script Names.should reject scripts with special characters" time="0.0364" asserts="0" success="False" result="Failure" executed="True">
                    <failure>
                      <message>Expected an exception with message like '*Invalid characters*' to be thrown, but the message was 'The term 'Test-RunnerScriptName' is not recognized as a name of a cmdlet, function, script file, or executable program.
Check the spelling of the name, or if a path was included, verify that the path is correct and try again.'. from C:\Users\alexa\OneDrive\Documents\0. wizzense\opentofu-lab-automation\tests\BadRunnerScripts.Tests.ps1:45 char:15
    +             { Test-RunnerScriptName $badScript } | Should -Throw "*In …
    +               ~~~~~~~~~~~~~~~~~~~~~</message>
                      <stack-trace>at { Test-RunnerScriptName $badScript } | Should -Throw "*Invalid characters*", C:\Users\alexa\OneDrive\Documents\0. wizzense\opentofu-lab-automation\tests\BadRunnerScripts.Tests.ps1:45
at &lt;ScriptBlock&gt;, C:\Users\alexa\OneDrive\Documents\0. wizzense\opentofu-lab-automation\tests\BadRunnerScripts.Tests.ps1:45</stack-trace>
                    </failure>
                  </test-case>
                  <test-case description="should reject scripts without sequence numbers" name="Bad Runner Scripts Handling.Invalid Script Names.should reject scripts without sequence numbers" time="0.0541" asserts="0" success="False" result="Failure" executed="True">
                    <failure>
                      <message>Expected an exception with message like '*Missing sequence number*' to be thrown, but the message was 'The term 'Test-RunnerScriptName' is not recognized as a name of a cmdlet, function, script file, or executable program.
Check the spelling of the name, or if a path was included, verify that the path is correct and try again.'. from C:\Users\alexa\OneDrive\Documents\0. wizzense\opentofu-lab-automation\tests\BadRunnerScripts.Tests.ps1:52 char:15
    +             { Test-RunnerScriptName $badScript } | Should -Throw "*Mi …
    +               ~~~~~~~~~~~~~~~~~~~~~</message>
                      <stack-trace>at { Test-RunnerScriptName $badScript } | Should -Throw "*Missing sequence number*", C:\Users\alexa\OneDrive\Documents\0. wizzense\opentofu-lab-automation\tests\BadRunnerScripts.Tests.ps1:52
at &lt;ScriptBlock&gt;, C:\Users\alexa\OneDrive\Documents\0. wizzense\opentofu-lab-automation\tests\BadRunnerScripts.Tests.ps1:52</stack-trace>
                    </failure>
                  </test-case>
                </results>
              </test-suite>
              <test-suite type="TestFixture" name="Bad Runner Scripts Handling.Malicious Script Content" executed="True" result="Failure" success="False" time="0.3858" asserts="0" description="Bad Runner Scripts Handling.Malicious Script Content">
                <results>
                  <test-case description="should detect and block scripts with dangerous commands" name="Bad Runner Scripts Handling.Malicious Script Content.should detect and block scripts with dangerous commands" time="0.061" asserts="0" success="False" result="Failure" executed="True">
                    <failure>
                      <message>Expected an exception with message like '*Potentially dangerous*' to be thrown, but the message was 'The term 'Test-RunnerScriptSafety' is not recognized as a name of a cmdlet, function, script file, or executable program.
Check the spelling of the name, or if a path was included, verify that the path is correct and try again.'. from C:\Users\alexa\OneDrive\Documents\0. wizzense\opentofu-lab-automation\tests\BadRunnerScripts.Tests.ps1:67 char:15
    +             { Test-RunnerScriptSafety $scriptPath } | Should -Throw " …
    +               ~~~~~~~~~~~~~~~~~~~~~~~</message>
                      <stack-trace>at { Test-RunnerScriptSafety $scriptPath } | Should -Throw "*Potentially dangerous*", C:\Users\alexa\OneDrive\Documents\0. wizzense\opentofu-lab-automation\tests\BadRunnerScripts.Tests.ps1:67
at &lt;ScriptBlock&gt;, C:\Users\alexa\OneDrive\Documents\0. wizzense\opentofu-lab-automation\tests\BadRunnerScripts.Tests.ps1:67</stack-trace>
                    </failure>
                  </test-case>
                  <test-case description="should detect scripts with hardcoded credentials" name="Bad Runner Scripts Handling.Malicious Script Content.should detect scripts with hardcoded credentials" time="0.0333" asserts="0" success="False" result="Failure" executed="True">
                    <failure>
                      <message>Expected an exception with message like '*Hardcoded credentials*' to be thrown, but the message was 'The term 'Test-RunnerScriptSafety' is not recognized as a name of a cmdlet, function, script file, or executable program.
Check the spelling of the name, or if a path was included, verify that the path is correct and try again.'. from C:\Users\alexa\OneDrive\Documents\0. wizzense\opentofu-lab-automation\tests\BadRunnerScripts.Tests.ps1:80 char:15
    +             { Test-RunnerScriptSafety $scriptPath } | Should -Throw " …
    +               ~~~~~~~~~~~~~~~~~~~~~~~</message>
                      <stack-trace>at { Test-RunnerScriptSafety $scriptPath } | Should -Throw "*Hardcoded credentials*", C:\Users\alexa\OneDrive\Documents\0. wizzense\opentofu-lab-automation\tests\BadRunnerScripts.Tests.ps1:80
at &lt;ScriptBlock&gt;, C:\Users\alexa\OneDrive\Documents\0. wizzense\opentofu-lab-automation\tests\BadRunnerScripts.Tests.ps1:80</stack-trace>
                    </failure>
                  </test-case>
                  <test-case description="should detect scripts with network access to suspicious domains" name="Bad Runner Scripts Handling.Malicious Script Content.should detect scripts with network access to suspicious domains" time="0.0651" asserts="0" success="False" result="Failure" executed="True">
                    <failure>
                      <message>Expected an exception with message like '*Suspicious network access*' to be thrown, but the message was 'The term 'Test-RunnerScriptSafety' is not recognized as a name of a cmdlet, function, script file, or executable program.
Check the spelling of the name, or if a path was included, verify that the path is correct and try again.'. from C:\Users\alexa\OneDrive\Documents\0. wizzense\opentofu-lab-automation\tests\BadRunnerScripts.Tests.ps1:92 char:15
    +             { Test-RunnerScriptSafety $scriptPath } | Should -Throw " …
    +               ~~~~~~~~~~~~~~~~~~~~~~~</message>
                      <stack-trace>at { Test-RunnerScriptSafety $scriptPath } | Should -Throw "*Suspicious network access*", C:\Users\alexa\OneDrive\Documents\0. wizzense\opentofu-lab-automation\tests\BadRunnerScripts.Tests.ps1:92
at &lt;ScriptBlock&gt;, C:\Users\alexa\OneDrive\Documents\0. wizzense\opentofu-lab-automation\tests\BadRunnerScripts.Tests.ps1:92</stack-trace>
                    </failure>
                  </test-case>
                </results>
              </test-suite>
              <test-suite type="TestFixture" name="Bad Runner Scripts Handling.Syntax Errors and Malformed Scripts" executed="True" result="Failure" success="False" time="0.6063" asserts="0" description="Bad Runner Scripts Handling.Syntax Errors and Malformed Scripts">
                <results>
                  <test-case description="should handle scripts with syntax errors gracefully" name="Bad Runner Scripts Handling.Syntax Errors and Malformed Scripts.should handle scripts with syntax errors gracefully" time="0.0767" asserts="0" success="False" result="Failure" executed="True">
                    <failure>
                      <message>CommandNotFoundException: The term 'Test-RunnerScriptSyntax' is not recognized as a name of a cmdlet, function, script file, or executable program.
Check the spelling of the name, or if a path was included, verify that the path is correct and try again.</message>
                      <stack-trace>at &lt;ScriptBlock&gt;, C:\Users\alexa\OneDrive\Documents\0. wizzense\opentofu-lab-automation\tests\BadRunnerScripts.Tests.ps1:109</stack-trace>
                    </failure>
                  </test-case>
                  <test-case description="should handle scripts with encoding issues" name="Bad Runner Scripts Handling.Syntax Errors and Malformed Scripts.should handle scripts with encoding issues" time="0.08" asserts="0" success="False" result="Failure" executed="True">
                    <failure>
                      <message>Expected an exception with message like '*Invalid encoding*' to be thrown, but the message was 'The term 'Test-RunnerScriptEncoding' is not recognized as a name of a cmdlet, function, script file, or executable program.
Check the spelling of the name, or if a path was included, verify that the path is correct and try again.'. from C:\Users\alexa\OneDrive\Documents\0. wizzense\opentofu-lab-automation\tests\BadRunnerScripts.Tests.ps1:119 char:15
    +             { Test-RunnerScriptEncoding $scriptPath } | Should -Throw …
    +               ~~~~~~~~~~~~~~~~~~~~~~~~~</message>
                      <stack-trace>at { Test-RunnerScriptEncoding $scriptPath } | Should -Throw "*Invalid encoding*", C:\Users\alexa\OneDrive\Documents\0. wizzense\opentofu-lab-automation\tests\BadRunnerScripts.Tests.ps1:119
at &lt;ScriptBlock&gt;, C:\Users\alexa\OneDrive\Documents\0. wizzense\opentofu-lab-automation\tests\BadRunnerScripts.Tests.ps1:119</stack-trace>
                    </failure>
                  </test-case>
                  <test-case description="should handle extremely large scripts" name="Bad Runner Scripts Handling.Syntax Errors and Malformed Scripts.should handle extremely large scripts" time="0.0565" asserts="0" success="False" result="Failure" executed="True">
                    <failure>
                      <message>CommandNotFoundException: The term 'Test-RunnerScriptSize' is not recognized as a name of a cmdlet, function, script file, or executable program.
Check the spelling of the name, or if a path was included, verify that the path is correct and try again.</message>
                      <stack-trace>at &lt;ScriptBlock&gt;, C:\Users\alexa\OneDrive\Documents\0. wizzense\opentofu-lab-automation\tests\BadRunnerScripts.Tests.ps1:127</stack-trace>
                    </failure>
                  </test-case>
                </results>
              </test-suite>
              <test-suite type="TestFixture" name="Bad Runner Scripts Handling.Parameter and Configuration Issues" executed="True" result="Failure" success="False" time="0.6988" asserts="0" description="Bad Runner Scripts Handling.Parameter and Configuration Issues">
                <results>
                  <test-case description="should handle scripts with invalid parameter blocks" name="Bad Runner Scripts Handling.Parameter and Configuration Issues.should handle scripts with invalid parameter blocks" time="0.0526" asserts="0" success="False" result="Failure" executed="True">
                    <failure>
                      <message>CommandNotFoundException: The term 'Test-RunnerScriptParameters' is not recognized as a name of a cmdlet, function, script file, or executable program.
Check the spelling of the name, or if a path was included, verify that the path is correct and try again.</message>
                      <stack-trace>at &lt;ScriptBlock&gt;, C:\Users\alexa\OneDrive\Documents\0. wizzense\opentofu-lab-automation\tests\BadRunnerScripts.Tests.ps1:149</stack-trace>
                    </failure>
                  </test-case>
                  <test-case description="should handle scripts without proper configuration support" name="Bad Runner Scripts Handling.Parameter and Configuration Issues.should handle scripts without proper configuration support" time="0.0324" asserts="0" success="False" result="Failure" executed="True">
                    <failure>
                      <message>CommandNotFoundException: The term 'Test-RunnerScriptConfiguration' is not recognized as a name of a cmdlet, function, script file, or executable program.
Check the spelling of the name, or if a path was included, verify that the path is correct and try again.</message>
                      <stack-trace>at &lt;ScriptBlock&gt;, C:\Users\alexa\OneDrive\Documents\0. wizzense\opentofu-lab-automation\tests\BadRunnerScripts.Tests.ps1:163</stack-trace>
                    </failure>
                  </test-case>
                </results>
              </test-suite>
              <test-suite type="TestFixture" name="Bad Runner Scripts Handling.Auto-Fix Capabilities" executed="True" result="Failure" success="False" time="0.8955" asserts="0" description="Bad Runner Scripts Handling.Auto-Fix Capabilities">
                <results>
                  <test-case description="should auto-fix common syntax errors" name="Bad Runner Scripts Handling.Auto-Fix Capabilities.should auto-fix common syntax errors" time="0.0652" asserts="0" success="False" result="Failure" executed="True">
                    <failure>
                      <message>CommandNotFoundException: The term 'Invoke-RunnerScriptAutoFix' is not recognized as a name of a cmdlet, function, script file, or executable program.
Check the spelling of the name, or if a path was included, verify that the path is correct and try again.</message>
                      <stack-trace>at &lt;ScriptBlock&gt;, C:\Users\alexa\OneDrive\Documents\0. wizzense\opentofu-lab-automation\tests\BadRunnerScripts.Tests.ps1:182</stack-trace>
                    </failure>
                  </test-case>
                  <test-case description="should add missing parameter blocks" name="Bad Runner Scripts Handling.Auto-Fix Capabilities.should add missing parameter blocks" time="0.0554" asserts="0" success="False" result="Failure" executed="True">
                    <failure>
                      <message>CommandNotFoundException: The term 'Invoke-RunnerScriptAutoFix' is not recognized as a name of a cmdlet, function, script file, or executable program.
Check the spelling of the name, or if a path was included, verify that the path is correct and try again.</message>
                      <stack-trace>at &lt;ScriptBlock&gt;, C:\Users\alexa\OneDrive\Documents\0. wizzense\opentofu-lab-automation\tests\BadRunnerScripts.Tests.ps1:195</stack-trace>
                    </failure>
                  </test-case>
                  <test-case description="should add missing error handling" name="Bad Runner Scripts Handling.Auto-Fix Capabilities.should add missing error handling" time="0.0556" asserts="0" success="False" result="Failure" executed="True">
                    <failure>
                      <message>CommandNotFoundException: The term 'Invoke-RunnerScriptAutoFix' is not recognized as a name of a cmdlet, function, script file, or executable program.
Check the spelling of the name, or if a path was included, verify that the path is correct and try again.</message>
                      <stack-trace>at &lt;ScriptBlock&gt;, C:\Users\alexa\OneDrive\Documents\0. wizzense\opentofu-lab-automation\tests\BadRunnerScripts.Tests.ps1:211</stack-trace>
                    </failure>
                  </test-case>
                </results>
              </test-suite>
              <test-suite type="TestFixture" name="Bad Runner Scripts Handling.Integration with CodeFixer" executed="True" result="Failure" success="False" time="0.9465" asserts="0" description="Bad Runner Scripts Handling.Integration with CodeFixer">
                <results>
                  <test-case description="should use CodeFixer to validate and fix scripts" name="Bad Runner Scripts Handling.Integration with CodeFixer.should use CodeFixer to validate and fix scripts" time="0.0458" asserts="0" success="False" result="Failure" executed="True">
                    <failure>
                      <message>CommandNotFoundException: The term 'Invoke-CodeFixerOnRunnerScript' is not recognized as a name of a cmdlet, function, script file, or executable program.
Check the spelling of the name, or if a path was included, verify that the path is correct and try again.</message>
                      <stack-trace>at &lt;ScriptBlock&gt;, C:\Users\alexa\OneDrive\Documents\0. wizzense\opentofu-lab-automation\tests\BadRunnerScripts.Tests.ps1:230</stack-trace>
                    </failure>
                  </test-case>
                </results>
              </test-suite>
              <test-suite type="TestFixture" name="Bad Runner Scripts Handling.Security and Validation Pipeline" executed="True" result="Failure" success="False" time="1.0604" asserts="0" description="Bad Runner Scripts Handling.Security and Validation Pipeline">
                <results>
                  <test-case description="should prevent deployment of invalid scripts" name="Bad Runner Scripts Handling.Security and Validation Pipeline.should prevent deployment of invalid scripts" time="0.0649" asserts="0" success="False" result="Failure" executed="True">
                    <failure>
                      <message>Expected an exception with message like '*Failed security validation*' to be thrown, but the message was 'The term 'Invoke-RunnerScriptDeploymentValidation' is not recognized as a name of a cmdlet, function, script file, or executable program.
Check the spelling of the name, or if a path was included, verify that the path is correct and try again.'. from C:\Users\alexa\OneDrive\Documents\0. wizzense\opentofu-lab-automation\tests\BadRunnerScripts.Tests.ps1:246 char:15
    +             { Invoke-RunnerScriptDeploymentValidation $scriptPath } | …
    +               ~~~~~~~~~~~~~~~~~~~~~~~~~~~~~~~~~~~~~~~</message>
                      <stack-trace>at { Invoke-RunnerScriptDeploymentValidation $scriptPath } | Should -Throw "*Failed security validation*", C:\Users\alexa\OneDrive\Documents\0. wizzense\opentofu-lab-automation\tests\BadRunnerScripts.Tests.ps1:246
at &lt;ScriptBlock&gt;, C:\Users\alexa\OneDrive\Documents\0. wizzense\opentofu-lab-automation\tests\BadRunnerScripts.Tests.ps1:246</stack-trace>
                    </failure>
                  </test-case>
                  <test-case description="should require approval for scripts with external dependencies" name="Bad Runner Scripts Handling.Security and Validation Pipeline.should require approval for scripts with external dependencies" time="0.0401" asserts="0" success="False" result="Failure" executed="True">
                    <failure>
                      <message>CommandNotFoundException: The term 'Test-RunnerScriptDeployment' is not recognized as a name of a cmdlet, function, script file, or executable program.
Check the spelling of the name, or if a path was included, verify that the path is correct and try again.</message>
                      <stack-trace>at &lt;ScriptBlock&gt;, C:\Users\alexa\OneDrive\Documents\0. wizzense\opentofu-lab-automation\tests\BadRunnerScripts.Tests.ps1:258</stack-trace>
                    </failure>
                  </test-case>
                </results>
              </test-suite>
            </results>
          </test-suite>
        </results>
      </test-suite>
    </results>
  </test-suite>
</test-results>