<?xml version="1.0" encoding="utf-8" standalone="no"?>
<test-results xmlns:xsi="http://www.w3.org/2001/XMLSchema-instance" xsi:noNamespaceSchemaLocation="nunit_schema_2.5.xsd" name="Pester" total="7" errors="0" failures="7" not-run="0" inconclusive="0" ignored="0" skipped="0" invalid="0" date="2025-06-14" time="09:26:27">
  <environment machine-name="WZNS" nunit-version="2.5.8.0" clr-version="9.0.4" os-version="10.0.26100" user="alexa" user-domain="WZNS" platform="Microsoft Windows 11 Pro|C:\WINDOWS|\Device\Harddisk1\Partition3" cwd="C:\Users\alexa\OneDrive\Documents\0. wizzense\opentofu-lab-automation" />
  <culture-info current-culture="en-US" current-uiculture="en-US" />
  <test-suite type="TestFixture" name="Pester" executed="True" result="Failure" success="False" time="0.1499" asserts="0" description="Pester">
    <results>
      <test-suite type="TestFixture" name="C:\Users\alexa\OneDrive\Documents\0. wizzense\opentofu-lab-automation\tests\BadRunnerScripts.Simple.Tests.ps1" executed="True" result="Failure" success="False" time="0.1499" asserts="0" description="C:\Users\alexa\OneDrive\Documents\0. wizzense\opentofu-lab-automation\tests\BadRunnerScripts.Simple.Tests.ps1">
        <results>
          <test-suite type="TestFixture" name="Bad Runner Scripts Handling - Core Tests" executed="True" result="Failure" success="False" time="0.0526" asserts="0" description="Bad Runner Scripts Handling - Core Tests">
            <results>
              <test-suite type="TestFixture" name="Bad Runner Scripts Handling - Core Tests.Script Name Validation" executed="True" result="Failure" success="False" time="0" asserts="0" description="Bad Runner Scripts Handling - Core Tests.Script Name Validation">
                <results>
                  <test-case description="should reject scripts with spaces in filename" name="Bad Runner Scripts Handling - Core Tests.Script Name Validation.should reject scripts with spaces in filename" time="0" asserts="0" success="False" result="Failure" executed="True">
                    <failure>
                      <message>This test should run but it did not. Most likely a setup in some parent block failed.</message>
                      <stack-trace />
                    </failure>
                  </test-case>
                  <test-case description="should accept valid script names" name="Bad Runner Scripts Handling - Core Tests.Script Name Validation.should accept valid script names" time="0" asserts="0" success="False" result="Failure" executed="True">
                    <failure>
                      <message>This test should run but it did not. Most likely a setup in some parent block failed.</message>
                      <stack-trace />
                    </failure>
                  </test-case>
                </results>
              </test-suite>
              <test-suite type="TestFixture" name="Bad Runner Scripts Handling - Core Tests.Security Validation" executed="True" result="Failure" success="False" time="0" asserts="0" description="Bad Runner Scripts Handling - Core Tests.Security Validation">
                <results>
                  <test-case description="should detect dangerous commands" name="Bad Runner Scripts Handling - Core Tests.Security Validation.should detect dangerous commands" time="0" asserts="0" success="False" result="Failure" executed="True">
                    <failure>
                      <message>This test should run but it did not. Most likely a setup in some parent block failed.</message>
                      <stack-trace />
                    </failure>
                  </test-case>
                  <test-case description="should detect hardcoded credentials" name="Bad Runner Scripts Handling - Core Tests.Security Validation.should detect hardcoded credentials" time="0" asserts="0" success="False" result="Failure" executed="True">
                    <failure>
                      <message>This test should run but it did not. Most likely a setup in some parent block failed.</message>
                      <stack-trace />
                    </failure>
                  </test-case>
                  <test-case description="should allow safe scripts" name="Bad Runner Scripts Handling - Core Tests.Security Validation.should allow safe scripts" time="0" asserts="0" success="False" result="Failure" executed="True">
                    <failure>
                      <message>This test should run but it did not. Most likely a setup in some parent block failed.</message>
                      <stack-trace />
                    </failure>
                  </test-case>
                </results>
              </test-suite>
              <test-suite type="TestFixture" name="Bad Runner Scripts Handling - Core Tests.Syntax Validation" executed="True" result="Failure" success="False" time="0" asserts="0" description="Bad Runner Scripts Handling - Core Tests.Syntax Validation">
                <results>
                  <test-case description="should detect syntax errors" name="Bad Runner Scripts Handling - Core Tests.Syntax Validation.should detect syntax errors" time="0" asserts="0" success="False" result="Failure" executed="True">
                    <failure>
                      <message>This test should run but it did not. Most likely a setup in some parent block failed.</message>
                      <stack-trace />
                    </failure>
                  </test-case>
                  <test-case description="should detect valid syntax" name="Bad Runner Scripts Handling - Core Tests.Syntax Validation.should detect valid syntax" time="0" asserts="0" success="False" result="Failure" executed="True">
                    <failure>
                      <message>This test should run but it did not. Most likely a setup in some parent block failed.</message>
                      <stack-trace />
                    </failure>
                  </test-case>
                </results>
              </test-suite>
            </results>
          </test-suite>
        </results>
      </test-suite>
    </results>
  </test-suite>
</test-results>