<?xml version="1.0" encoding="utf-8" standalone="no"?>
<test-results xmlns:xsi="http://www.w3.org/2001/XMLSchema-instance" xsi:noNamespaceSchemaLocation="nunit_schema_2.5.xsd" name="Pester" total="4" errors="0" failures="4" not-run="0" inconclusive="0" ignored="0" skipped="0" invalid="0" date="2025-06-14" time="09:26:27">
  <environment machine-name="WZNS" nunit-version="2.5.8.0" clr-version="9.0.4" os-version="10.0.26100" user="alexa" user-domain="WZNS" platform="Microsoft Windows 11 Pro|C:\WINDOWS|\Device\Harddisk1\Partition3" cwd="C:\Users\alexa\OneDrive\Documents\0. wizzense\opentofu-lab-automation" />
  <culture-info current-culture="en-US" current-uiculture="en-US" />
  <test-suite type="TestFixture" name="Pester" executed="True" result="Failure" success="False" time="0.7151" asserts="0" description="Pester">
    <results>
      <test-suite type="TestFixture" name="C:\Users\alexa\OneDrive\Documents\0. wizzense\opentofu-lab-automation\tests\CustomLint.Tests.ps1" executed="True" result="Failure" success="False" time="0.7151" asserts="0" description="C:\Users\alexa\OneDrive\Documents\0. wizzense\opentofu-lab-automation\tests\CustomLint.Tests.ps1">
        <results>
          <test-suite type="TestFixture" name="CustomLint.ps1" executed="True" result="Failure" success="False" time="0.5138" asserts="0" description="CustomLint.ps1">
            <results>
              <test-case description="parses without errors" name="CustomLint.ps1.parses without errors" time="0.15" asserts="0" success="False" result="Failure" executed="True">
                <failure>
                  <message>Expected 0, but got 1.</message>
                  <stack-trace>at $(if ($errs) { $errs.Count  } else { 0 }) | Should -Be 0, C:\Users\alexa\OneDrive\Documents\0. wizzense\opentofu-lab-automation\tests\CustomLint.Tests.ps1:17
at &lt;ScriptBlock&gt;, C:\Users\alexa\OneDrive\Documents\0. wizzense\opentofu-lab-automation\tests\CustomLint.Tests.ps1:17</stack-trace>
                </failure>
              </test-case>
              <test-case description="returns exit code 1 when analyzer reports errors" name="CustomLint.ps1.returns exit code 1 when analyzer reports errors" time="0.2358" asserts="0" success="False" result="Failure" executed="True">
                <failure>
                  <message>CommandNotFoundException: The term 'C:\Users\alexa\OneDrive\Documents\0. wizzense\opentofu-lab-automation\tests\..\tools\iso\CustomLint.ps1' is not recognized as a name of a cmdlet, function, script file, or executable program.
Check the spelling of the name, or if a path was included, verify that the path is correct and try again.</message>
                  <stack-trace>at &lt;ScriptBlock&gt;, C:\Users\alexa\OneDrive\Documents\0. wizzense\opentofu-lab-automation\tests\CustomLint.Tests.ps1:21</stack-trace>
                </failure>
              </test-case>
              <test-case description="fails when Invoke-WebRequest mock lacks ParameterFilter" name="CustomLint.ps1.fails when Invoke-WebRequest mock lacks ParameterFilter" time="0.0524" asserts="0" success="False" result="Failure" executed="True">
                <failure>
                  <message>CommandNotFoundException: The term 'C:\Users\alexa\OneDrive\Documents\0. wizzense\opentofu-lab-automation\tests\..\tools\iso\CustomLint.ps1' is not recognized as a name of a cmdlet, function, script file, or executable program.
Check the spelling of the name, or if a path was included, verify that the path is correct and try again.</message>
                  <stack-trace>at &lt;ScriptBlock&gt;, C:\Users\alexa\OneDrive\Documents\0. wizzense\opentofu-lab-automation\tests\CustomLint.Tests.ps1:28</stack-trace>
                </failure>
              </test-case>
              <test-case description="returns exit code 0 when no errors" name="CustomLint.ps1.returns exit code 0 when no errors" time="0.0251" asserts="0" success="False" result="Failure" executed="True">
                <failure>
                  <message>CommandNotFoundException: The term 'C:\Users\alexa\OneDrive\Documents\0. wizzense\opentofu-lab-automation\tests\..\tools\iso\CustomLint.ps1' is not recognized as a name of a cmdlet, function, script file, or executable program.
Check the spelling of the name, or if a path was included, verify that the path is correct and try again.</message>
                  <stack-trace>at &lt;ScriptBlock&gt;, C:\Users\alexa\OneDrive\Documents\0. wizzense\opentofu-lab-automation\tests\CustomLint.Tests.ps1:37</stack-trace>
                </failure>
              </test-case>
            </results>
          </test-suite>
        </results>
      </test-suite>
    </results>
  </test-suite>
</test-results>