<?xml version="1.0" encoding="utf-8" standalone="no"?>
<test-results xmlns:xsi="http://www.w3.org/2001/XMLSchema-instance" xsi:noNamespaceSchemaLocation="nunit_schema_2.5.xsd" name="Pester" total="2" errors="0" failures="2" not-run="0" inconclusive="0" ignored="0" skipped="0" invalid="0" date="2025-06-14" time="09:26:29">
  <environment machine-name="WZNS" nunit-version="2.5.8.0" clr-version="9.0.4" os-version="10.0.26100" user="alexa" user-domain="WZNS" platform="Microsoft Windows 11 Pro|C:\WINDOWS|\Device\Harddisk1\Partition3" cwd="C:\Users\alexa\OneDrive\Documents\0. wizzense\opentofu-lab-automation" />
  <culture-info current-culture="en-US" current-uiculture="en-US" />
  <test-suite type="TestFixture" name="Pester" executed="True" result="Failure" success="False" time="0.4577" asserts="0" description="Pester">
    <results>
      <test-suite type="TestFixture" name="C:\Users\alexa\OneDrive\Documents\0. wizzense\opentofu-lab-automation\tests\Get-HyperVProviderVersion.Tests.ps1" executed="True" result="Failure" success="False" time="0.4577" asserts="0" description="C:\Users\alexa\OneDrive\Documents\0. wizzense\opentofu-lab-automation\tests\Get-HyperVProviderVersion.Tests.ps1">
        <results>
          <test-suite type="TestFixture" name="Get-HyperVProviderVersion" executed="True" result="Failure" success="False" time="0.1034" asserts="0" description="Get-HyperVProviderVersion">
            <results>
              <test-case description="uses version from config" name="Get-HyperVProviderVersion.uses version from config" time="0.0309" asserts="0" success="False" result="Failure" executed="True">
                <failure>
                  <message>CommandNotFoundException: The term 'Resolve-ProjectPath' is not recognized as a name of a cmdlet, function, script file, or executable program.
Check the spelling of the name, or if a path was included, verify that the path is correct and try again.</message>
                  <stack-trace>at global:Get-RunnerScriptPath, C:\Users\alexa\OneDrive\Documents\0. wizzense\opentofu-lab-automation\tests\helpers\TestHelpers.ps1:59
at &lt;ScriptBlock&gt;, C:\Users\alexa\OneDrive\Documents\0. wizzense\opentofu-lab-automation\tests\Get-HyperVProviderVersion.Tests.ps1:13</stack-trace>
                </failure>
              </test-case>
              <test-case description="falls back to default when not specified" name="Get-HyperVProviderVersion.falls back to default when not specified" time="0.063" asserts="0" success="False" result="Failure" executed="True">
                <failure>
                  <message>CommandNotFoundException: The term 'Resolve-ProjectPath' is not recognized as a name of a cmdlet, function, script file, or executable program.
Check the spelling of the name, or if a path was included, verify that the path is correct and try again.</message>
                  <stack-trace>at global:Get-RunnerScriptPath, C:\Users\alexa\OneDrive\Documents\0. wizzense\opentofu-lab-automation\tests\helpers\TestHelpers.ps1:59
at &lt;ScriptBlock&gt;, C:\Users\alexa\OneDrive\Documents\0. wizzense\opentofu-lab-automation\tests\Get-HyperVProviderVersion.Tests.ps1:19</stack-trace>
                </failure>
              </test-case>
            </results>
          </test-suite>
        </results>
      </test-suite>
    </results>
  </test-suite>
</test-results>