<?xml version="1.0" encoding="utf-8" standalone="no"?>
<test-results xmlns:xsi="http://www.w3.org/2001/XMLSchema-instance" xsi:noNamespaceSchemaLocation="nunit_schema_2.5.xsd" name="Pester" total="7" errors="0" failures="7" not-run="0" inconclusive="0" ignored="0" skipped="0" invalid="0" date="2025-06-14" time="09:26:43">
  <environment machine-name="WZNS" nunit-version="2.5.8.0" clr-version="9.0.4" os-version="10.0.26100" user="alexa" user-domain="WZNS" platform="Microsoft Windows 11 Pro|C:\WINDOWS|\Device\Harddisk1\Partition3" cwd="C:\Users\alexa\OneDrive\Documents\0. wizzense\opentofu-lab-automation" />
  <culture-info current-culture="en-US" current-uiculture="en-US" />
  <test-suite type="TestFixture" name="Pester" executed="True" result="Failure" success="False" time="0.4125" asserts="0" description="Pester">
    <results>
      <test-suite type="TestFixture" name="C:\Users\alexa\OneDrive\Documents\0. wizzense\opentofu-lab-automation\tests\examples\Install-Go.Modern.Tests.ps1" executed="True" result="Failure" success="False" time="0.4125" asserts="0" description="C:\Users\alexa\OneDrive\Documents\0. wizzense\opentofu-lab-automation\tests\examples\Install-Go.Modern.Tests.ps1">
        <results>
          <test-suite type="TestFixture" name="Runner Script: 0007_Install-Go.ps1" executed="True" result="Failure" success="False" time="0.0286" asserts="0" description="Runner Script: 0007_Install-Go.ps1">
            <results>
              <test-suite type="TestFixture" name="Runner Script: 0007_Install-Go.ps1.Standard Validation Tests" executed="True" result="Failure" success="False" time="0" asserts="0" description="Runner Script: 0007_Install-Go.ps1.Standard Validation Tests">
                <results>
                  <test-case description="parses without syntax errors" name="Runner Script: 0007_Install-Go.ps1.Standard Validation Tests.parses without syntax errors" time="0" asserts="0" success="False" result="Failure" executed="True">
                    <failure>
                      <message>This test should run but it did not. Most likely a setup in some parent block failed.</message>
                      <stack-trace />
                    </failure>
                  </test-case>
                  <test-case description="has required Config parameter" name="Runner Script: 0007_Install-Go.ps1.Standard Validation Tests.has required Config parameter" time="0" asserts="0" success="False" result="Failure" executed="True">
                    <failure>
                      <message>This test should run but it did not. Most likely a setup in some parent block failed.</message>
                      <stack-trace />
                    </failure>
                  </test-case>
                  <test-case description="imports LabRunner module" name="Runner Script: 0007_Install-Go.ps1.Standard Validation Tests.imports LabRunner module" time="0" asserts="0" success="False" result="Failure" executed="True">
                    <failure>
                      <message>This test should run but it did not. Most likely a setup in some parent block failed.</message>
                      <stack-trace />
                    </failure>
                  </test-case>
                  <test-case description="contains Invoke-LabStep call" name="Runner Script: 0007_Install-Go.ps1.Standard Validation Tests.contains Invoke-LabStep call" time="0" asserts="0" success="False" result="Failure" executed="True">
                    <failure>
                      <message>This test should run but it did not. Most likely a setup in some parent block failed.</message>
                      <stack-trace />
                    </failure>
                  </test-case>
                </results>
              </test-suite>
              <test-suite type="TestFixture" name="Runner Script: 0007_Install-Go.ps1.Scenario: Installs go when enabled" executed="True" result="Failure" success="False" time="0" asserts="0" description="Runner Script: 0007_Install-Go.ps1.Scenario: Installs go when enabled">
                <results>
                  <test-case description="installs go when InstallGo is true" name="Runner Script: 0007_Install-Go.ps1.Scenario: Installs go when enabled.installs go when InstallGo is true" time="0" asserts="0" success="False" result="Failure" executed="True">
                    <failure>
                      <message>This test should run but it did not. Most likely a setup in some parent block failed.</message>
                      <stack-trace />
                    </failure>
                  </test-case>
                </results>
              </test-suite>
              <test-suite type="TestFixture" name="Runner Script: 0007_Install-Go.ps1.Scenario: Skips go when disabled" executed="True" result="Failure" success="False" time="0" asserts="0" description="Runner Script: 0007_Install-Go.ps1.Scenario: Skips go when disabled">
                <results>
                  <test-case description="skips go when InstallGo is false" name="Runner Script: 0007_Install-Go.ps1.Scenario: Skips go when disabled.skips go when InstallGo is false" time="0" asserts="0" success="False" result="Failure" executed="True">
                    <failure>
                      <message>This test should run but it did not. Most likely a setup in some parent block failed.</message>
                      <stack-trace />
                    </failure>
                  </test-case>
                </results>
              </test-suite>
              <test-suite type="TestFixture" name="Runner Script: 0007_Install-Go.ps1.Scenario: Skips go when already installed" executed="True" result="Failure" success="False" time="0" asserts="0" description="Runner Script: 0007_Install-Go.ps1.Scenario: Skips go when already installed">
                <results>
                  <test-case description="does nothing when go is already installed" name="Runner Script: 0007_Install-Go.ps1.Scenario: Skips go when already installed.does nothing when go is already installed" time="0" asserts="0" success="False" result="Failure" executed="True">
                    <failure>
                      <message>This test should run but it did not. Most likely a setup in some parent block failed.</message>
                      <stack-trace />
                    </failure>
                  </test-case>
                </results>
              </test-suite>
            </results>
          </test-suite>
        </results>
      </test-suite>
    </results>
  </test-suite>
</test-results>