<?xml version="1.0" encoding="utf-8" standalone="no"?>
<test-results xmlns:xsi="http://www.w3.org/2001/XMLSchema-instance" xsi:noNamespaceSchemaLocation="nunit_schema_2.5.xsd" name="Pester" total="18" errors="0" failures="7" not-run="0" inconclusive="0" ignored="0" skipped="0" invalid="0" date="2025-06-14" time="09:26:32">
  <environment machine-name="WZNS" nunit-version="2.5.8.0" clr-version="9.0.4" os-version="10.0.26100" user="alexa" user-domain="WZNS" platform="Microsoft Windows 11 Pro|C:\WINDOWS|\Device\Harddisk1\Partition3" cwd="C:\Users\alexa\OneDrive\Documents\0. wizzense\opentofu-lab-automation" />
  <culture-info current-culture="en-US" current-uiculture="en-US" />
  <test-suite type="TestFixture" name="Pester" executed="True" result="Failure" success="False" time="0.7406" asserts="0" description="Pester">
    <results>
      <test-suite type="TestFixture" name="C:\Users\alexa\OneDrive\Documents\0. wizzense\opentofu-lab-automation\tests\Network.Tests.ps1" executed="True" result="Failure" success="False" time="0.7406" asserts="0" description="C:\Users\alexa\OneDrive\Documents\0. wizzense\opentofu-lab-automation\tests\Network.Tests.ps1">
        <results>
          <test-suite type="TestFixture" name="Network Tests" executed="True" result="Failure" success="False" time="0.3439" asserts="0" description="Network Tests">
            <results>
              <test-suite type="TestFixture" name="Network Tests.Script Structure Validation" executed="True" result="Failure" success="False" time="0.0755" asserts="0" description="Network Tests.Script Structure Validation">
                <results>
                  <test-case description="should have valid PowerShell syntax" name="Network Tests.Script Structure Validation.should have valid PowerShell syntax" time="0.034" asserts="0" success="True" result="Success" executed="True" />
                  <test-case description="should follow naming conventions" name="Network Tests.Script Structure Validation.should follow naming conventions" time="0.0135" asserts="0" success="True" result="Success" executed="True" />
                  <test-case description="should define expected functions" name="Network Tests.Script Structure Validation.should define expected functions" time="0.0156" asserts="0" success="False" result="Failure" executed="True">
                    <failure>
                      <message>ParameterBindingValidationException: Cannot bind argument to parameter 'Path' because it is null.</message>
                      <stack-trace>at &lt;ScriptBlock&gt;, C:\Users\alexa\OneDrive\Documents\0. wizzense\opentofu-lab-automation\tests\Network.Tests.ps1:39</stack-trace>
                    </failure>
                  </test-case>
                </results>
              </test-suite>
              <test-suite type="TestFixture" name="Network Tests.Parameter Validation" executed="True" result="Success" success="True" time="0.1546" asserts="0" description="Network Tests.Parameter Validation">
                <results>
                  <test-case description="should accept Uri parameter" name="Network Tests.Parameter Validation.should accept Uri parameter" time="0.0268" asserts="0" success="True" result="Success" executed="True" />
                  <test-case description="should accept OutFile parameter" name="Network Tests.Parameter Validation.should accept OutFile parameter" time="0.0236" asserts="0" success="True" result="Success" executed="True" />
                  <test-case description="should accept UseBasicParsing parameter" name="Network Tests.Parameter Validation.should accept UseBasicParsing parameter" time="0.0247" asserts="0" success="True" result="Success" executed="True" />
                </results>
              </test-suite>
              <test-suite type="TestFixture" name="Network Tests.Installation Tests" executed="True" result="Success" success="True" time="0.2038" asserts="0" description="Network Tests.Installation Tests">
                <results>
                  <test-case description="should validate prerequisites" name="Network Tests.Installation Tests.should validate prerequisites" time="0.0243" asserts="0" success="True" result="Success" executed="True" />
                  <test-case description="should handle download failures gracefully" name="Network Tests.Installation Tests.should handle download failures gracefully" time="0.0098" asserts="0" success="True" result="Success" executed="True" />
                  <test-case description="should verify installation success" name="Network Tests.Installation Tests.should verify installation success" time="0.0111" asserts="0" success="True" result="Success" executed="True" />
                </results>
              </test-suite>
              <test-suite type="TestFixture" name="Network Tests.Invoke-LabWebRequest Function Tests" executed="True" result="Failure" success="False" time="0.2548" asserts="0" description="Network Tests.Invoke-LabWebRequest Function Tests">
                <results>
                  <test-case description="should be defined and accessible" name="Network Tests.Invoke-LabWebRequest Function Tests.should be defined and accessible" time="0.014" asserts="0" success="False" result="Failure" executed="True">
                    <failure>
                      <message>ParameterBindingValidationException: Cannot bind argument to parameter 'Path' because it is null.</message>
                      <stack-trace>at &lt;ScriptBlock&gt;, C:\Users\alexa\OneDrive\Documents\0. wizzense\opentofu-lab-automation\tests\Network.Tests.ps1:80</stack-trace>
                    </failure>
                  </test-case>
                  <test-case description="should support common parameters" name="Network Tests.Invoke-LabWebRequest Function Tests.should support common parameters" time="0.0218" asserts="0" success="False" result="Failure" executed="True">
                    <failure>
                      <message>ParameterBindingValidationException: Cannot bind argument to parameter 'Path' because it is null.</message>
                      <stack-trace>at &lt;ScriptBlock&gt;, C:\Users\alexa\OneDrive\Documents\0. wizzense\opentofu-lab-automation\tests\Network.Tests.ps1:84</stack-trace>
                    </failure>
                  </test-case>
                  <test-case description="should handle execution with valid parameters" name="Network Tests.Invoke-LabWebRequest Function Tests.should handle execution with valid parameters" time="0.0105" asserts="0" success="True" result="Success" executed="True" />
                </results>
              </test-suite>
              <test-suite type="TestFixture" name="Network Tests.Invoke-WebRequest Function Tests" executed="True" result="Failure" success="False" time="0.3029" asserts="0" description="Network Tests.Invoke-WebRequest Function Tests">
                <results>
                  <test-case description="should be defined and accessible" name="Network Tests.Invoke-WebRequest Function Tests.should be defined and accessible" time="0.0215" asserts="0" success="False" result="Failure" executed="True">
                    <failure>
                      <message>ParameterBindingValidationException: Cannot bind argument to parameter 'Path' because it is null.</message>
                      <stack-trace>at &lt;ScriptBlock&gt;, C:\Users\alexa\OneDrive\Documents\0. wizzense\opentofu-lab-automation\tests\Network.Tests.ps1:97</stack-trace>
                    </failure>
                  </test-case>
                  <test-case description="should support common parameters" name="Network Tests.Invoke-WebRequest Function Tests.should support common parameters" time="0.0045" asserts="0" success="False" result="Failure" executed="True">
                    <failure>
                      <message>ParameterBindingValidationException: Cannot bind argument to parameter 'Path' because it is null.</message>
                      <stack-trace>at &lt;ScriptBlock&gt;, C:\Users\alexa\OneDrive\Documents\0. wizzense\opentofu-lab-automation\tests\Network.Tests.ps1:101</stack-trace>
                    </failure>
                  </test-case>
                  <test-case description="should handle execution with valid parameters" name="Network Tests.Invoke-WebRequest Function Tests.should handle execution with valid parameters" time="0.0179" asserts="0" success="True" result="Success" executed="True" />
                </results>
              </test-suite>
              <test-suite type="TestFixture" name="Network Tests.Invoke-LabNpm Function Tests" executed="True" result="Failure" success="False" time="0.3401" asserts="0" description="Network Tests.Invoke-LabNpm Function Tests">
                <results>
                  <test-case description="should be defined and accessible" name="Network Tests.Invoke-LabNpm Function Tests.should be defined and accessible" time="0.0181" asserts="0" success="False" result="Failure" executed="True">
                    <failure>
                      <message>ParameterBindingValidationException: Cannot bind argument to parameter 'Path' because it is null.</message>
                      <stack-trace>at &lt;ScriptBlock&gt;, C:\Users\alexa\OneDrive\Documents\0. wizzense\opentofu-lab-automation\tests\Network.Tests.ps1:114</stack-trace>
                    </failure>
                  </test-case>
                  <test-case description="should support common parameters" name="Network Tests.Invoke-LabNpm Function Tests.should support common parameters" time="0.004" asserts="0" success="False" result="Failure" executed="True">
                    <failure>
                      <message>ParameterBindingValidationException: Cannot bind argument to parameter 'Path' because it is null.</message>
                      <stack-trace>at &lt;ScriptBlock&gt;, C:\Users\alexa\OneDrive\Documents\0. wizzense\opentofu-lab-automation\tests\Network.Tests.ps1:118</stack-trace>
                    </failure>
                  </test-case>
                  <test-case description="should handle execution with valid parameters" name="Network Tests.Invoke-LabNpm Function Tests.should handle execution with valid parameters" time="0.0105" asserts="0" success="True" result="Success" executed="True" />
                </results>
              </test-suite>
            </results>
          </test-suite>
        </results>
      </test-suite>
    </results>
  </test-suite>
</test-results>