<?xml version="1.0" encoding="utf-8" standalone="no"?>
<test-results xmlns:xsi="http://www.w3.org/2001/XMLSchema-instance" xsi:noNamespaceSchemaLocation="nunit_schema_2.5.xsd" name="Pester" total="8" errors="0" failures="8" not-run="0" inconclusive="0" ignored="0" skipped="0" invalid="0" date="2025-06-14" time="09:26:33">
  <environment machine-name="WZNS" nunit-version="2.5.8.0" clr-version="9.0.4" os-version="10.0.26100" user="alexa" user-domain="WZNS" platform="Microsoft Windows 11 Pro|C:\WINDOWS|\Device\Harddisk1\Partition3" cwd="C:\Users\alexa\OneDrive\Documents\0. wizzense\opentofu-lab-automation" />
  <culture-info current-culture="en-US" current-uiculture="en-US" />
  <test-suite type="TestFixture" name="Pester" executed="True" result="Failure" success="False" time="0.5605" asserts="0" description="Pester">
    <results>
      <test-suite type="TestFixture" name="C:\Users\alexa\OneDrive\Documents\0. wizzense\opentofu-lab-automation\tests\PrepareHyperVProvider.Tests.ps1" executed="True" result="Failure" success="False" time="0.5605" asserts="0" description="C:\Users\alexa\OneDrive\Documents\0. wizzense\opentofu-lab-automation\tests\PrepareHyperVProvider.Tests.ps1">
        <results>
          <test-suite type="TestFixture" name="Prepare-HyperVProvider" executed="True" result="Failure" success="False" time="0.1884" asserts="0" description="Prepare-HyperVProvider">
            <results>
              <test-suite type="TestFixture" name="Prepare-HyperVProvider.Prepare-HyperVProvider path restoration" executed="True" result="Failure" success="False" time="0" asserts="0" description="Prepare-HyperVProvider.Prepare-HyperVProvider path restoration">
                <results>
                  <test-case description="restores location after execution" name="Prepare-HyperVProvider.Prepare-HyperVProvider path restoration.restores location after execution" time="0" asserts="0" success="False" result="Failure" executed="True">
                    <failure>
                      <message>This test should run but it did not. Most likely a setup in some parent block failed.</message>
                      <stack-trace />
                    </failure>
                  </test-case>
                </results>
              </test-suite>
              <test-suite type="TestFixture" name="Prepare-HyperVProvider.Prepare-HyperVProvider certificate handling" executed="True" result="Failure" success="False" time="0" asserts="0" description="Prepare-HyperVProvider.Prepare-HyperVProvider certificate handling">
                <results>
                  <test-case description="creates PEM files and updates providers.tf" name="Prepare-HyperVProvider.Prepare-HyperVProvider certificate handling.creates PEM files and updates providers.tf" time="0" asserts="0" success="False" result="Failure" executed="True">
                    <failure>
                      <message>This test should run but it did not. Most likely a setup in some parent block failed.</message>
                      <stack-trace />
                    </failure>
                  </test-case>
                  <test-case description="does not redefine Convert-PfxToPem when sourced twice" name="Prepare-HyperVProvider.Prepare-HyperVProvider certificate handling.does not redefine Convert-PfxToPem when sourced twice" time="0" asserts="0" success="False" result="Failure" executed="True">
                    <failure>
                      <message>This test should run but it did not. Most likely a setup in some parent block failed.</message>
                      <stack-trace />
                    </failure>
                  </test-case>
                </results>
              </test-suite>
              <test-suite type="TestFixture" name="Prepare-HyperVProvider.Convert certificate helpers honour -WhatIf" executed="True" result="Failure" success="False" time="0" asserts="0" description="Prepare-HyperVProvider.Convert certificate helpers honour -WhatIf">
                <results>
                  <test-case description="skips writing files when WhatIf is used" name="Prepare-HyperVProvider.Convert certificate helpers honour -WhatIf.skips writing files when WhatIf is used" time="0" asserts="0" success="False" result="Failure" executed="True">
                    <failure>
                      <message>This test should run but it did not. Most likely a setup in some parent block failed.</message>
                      <stack-trace />
                    </failure>
                  </test-case>
                  <test-case description="skips writing PFX outputs when WhatIf is used" name="Prepare-HyperVProvider.Convert certificate helpers honour -WhatIf.skips writing PFX outputs when WhatIf is used" time="0" asserts="0" success="False" result="Failure" executed="True">
                    <failure>
                      <message>This test should run but it did not. Most likely a setup in some parent block failed.</message>
                      <stack-trace />
                    </failure>
                  </test-case>
                </results>
              </test-suite>
              <test-suite type="TestFixture" name="Prepare-HyperVProvider.Convert certificate helpers validate paths" executed="True" result="Failure" success="False" time="0" asserts="0" description="Prepare-HyperVProvider.Convert certificate helpers validate paths">
                <results>
                  <test-case description="errors when CerPath or PemPath is missing" name="Prepare-HyperVProvider.Convert certificate helpers validate paths.errors when CerPath or PemPath is missing" time="0" asserts="0" success="False" result="Failure" executed="True">
                    <failure>
                      <message>This test should run but it did not. Most likely a setup in some parent block failed.</message>
                      <stack-trace />
                    </failure>
                  </test-case>
                  <test-case description="errors when PfxPath, CertPath, or KeyPath is missing" name="Prepare-HyperVProvider.Convert certificate helpers validate paths.errors when PfxPath, CertPath, or KeyPath is missing" time="0" asserts="0" success="False" result="Failure" executed="True">
                    <failure>
                      <message>This test should run but it did not. Most likely a setup in some parent block failed.</message>
                      <stack-trace />
                    </failure>
                  </test-case>
                  <test-case description="throws when the PFX file is unreadable" name="Prepare-HyperVProvider.Convert certificate helpers validate paths.throws when the PFX file is unreadable" time="0" asserts="0" success="False" result="Failure" executed="True">
                    <failure>
                      <message>This test should run but it did not. Most likely a setup in some parent block failed.</message>
                      <stack-trace />
                    </failure>
                  </test-case>
                </results>
              </test-suite>
            </results>
          </test-suite>
        </results>
      </test-suite>
    </results>
  </test-suite>
</test-results>