<?xml version="1.0" encoding="utf-8" standalone="no"?>
<test-results xmlns:xsi="http://www.w3.org/2001/XMLSchema-instance" xsi:noNamespaceSchemaLocation="nunit_schema_2.5.xsd" name="Pester" total="7" errors="0" failures="2" not-run="0" inconclusive="0" ignored="0" skipped="0" invalid="0" date="2025-06-14" time="09:26:35">
  <environment machine-name="WZNS" nunit-version="2.5.8.0" clr-version="9.0.4" os-version="10.0.26100" user="alexa" user-domain="WZNS" platform="Microsoft Windows 11 Pro|C:\WINDOWS|\Device\Harddisk1\Partition3" cwd="C:\Users\alexa\OneDrive\Documents\0. wizzense\opentofu-lab-automation" />
  <culture-info current-culture="en-US" current-uiculture="en-US" />
  <test-suite type="TestFixture" name="Pester" executed="True" result="Failure" success="False" time="0.6193" asserts="0" description="Pester">
    <results>
      <test-suite type="TestFixture" name="C:\Users\alexa\OneDrive\Documents\0. wizzense\opentofu-lab-automation\tests\ScriptTemplate.Tests.ps1" executed="True" result="Failure" success="False" time="0.6193" asserts="0" description="C:\Users\alexa\OneDrive\Documents\0. wizzense\opentofu-lab-automation\tests\ScriptTemplate.Tests.ps1">
        <results>
          <test-suite type="TestFixture" name="ScriptTemplate Tests" executed="True" result="Failure" success="False" time="0.234" asserts="0" description="ScriptTemplate Tests">
            <results>
              <test-suite type="TestFixture" name="ScriptTemplate Tests.Script Structure Validation" executed="True" result="Failure" success="False" time="0.069" asserts="0" description="ScriptTemplate Tests.Script Structure Validation">
                <results>
                  <test-case description="should have valid PowerShell syntax" name="ScriptTemplate Tests.Script Structure Validation.should have valid PowerShell syntax" time="0.0442" asserts="0" success="True" result="Success" executed="True" />
                  <test-case description="should follow naming conventions" name="ScriptTemplate Tests.Script Structure Validation.should follow naming conventions" time="0.0044" asserts="0" success="True" result="Success" executed="True" />
                  <test-case description="should define expected functions" name="ScriptTemplate Tests.Script Structure Validation.should define expected functions" time="0.0156" asserts="0" success="False" result="Failure" executed="True">
                    <failure>
                      <message>ParameterBindingValidationException: Cannot bind argument to parameter 'Path' because it is null.</message>
                      <stack-trace>at &lt;ScriptBlock&gt;, C:\Users\alexa\OneDrive\Documents\0. wizzense\opentofu-lab-automation\tests\ScriptTemplate.Tests.ps1:39</stack-trace>
                    </failure>
                  </test-case>
                </results>
              </test-suite>
              <test-suite type="TestFixture" name="ScriptTemplate Tests.Parameter Validation" executed="True" result="Success" success="True" time="0.19" asserts="0" description="ScriptTemplate Tests.Parameter Validation">
                <results>
                  <test-case description="should accept Body parameter" name="ScriptTemplate Tests.Parameter Validation.should accept Body parameter" time="0.0602" asserts="0" success="True" result="Success" executed="True" />
                  <test-case description="should accept Config parameter" name="ScriptTemplate Tests.Parameter Validation.should accept Config parameter" time="0.0556" asserts="0" success="True" result="Success" executed="True" />
                </results>
              </test-suite>
              <test-suite type="TestFixture" name="ScriptTemplate Tests.Invoke-LabStep Function Tests" executed="True" result="Failure" success="False" time="0.2199" asserts="0" description="ScriptTemplate Tests.Invoke-LabStep Function Tests">
                <results>
                  <test-case description="should be defined and accessible" name="ScriptTemplate Tests.Invoke-LabStep Function Tests.should be defined and accessible" time="0.0135" asserts="0" success="False" result="Failure" executed="True">
                    <failure>
                      <message>ParameterBindingValidationException: Cannot bind argument to parameter 'Path' because it is null.</message>
                      <stack-trace>at &lt;ScriptBlock&gt;, C:\Users\alexa\OneDrive\Documents\0. wizzense\opentofu-lab-automation\tests\ScriptTemplate.Tests.ps1:55</stack-trace>
                    </failure>
                  </test-case>
                  <test-case description="should handle execution with valid parameters" name="ScriptTemplate Tests.Invoke-LabStep Function Tests.should handle execution with valid parameters" time="0.0118" asserts="0" success="True" result="Success" executed="True" />
                </results>
              </test-suite>
            </results>
          </test-suite>
        </results>
      </test-suite>
    </results>
  </test-suite>
</test-results>